<?xml version="1.0" encoding="UTF-8"?>
<testsuite xmlns:xsi="http://www.w3.org/2001/XMLSchema-instance" xsi:noNamespaceSchemaLocation="https://maven.apache.org/surefire/maven-surefire-plugin/xsd/surefire-test-report-3.0.xsd" version="3.0" name="com.epam.brest.dao.DepartmentDaoJDBCImplTest" time="0.856" tests="2" errors="2" skipped="0" failures="0">
  <properties>
    <property name="awt.toolkit" value="sun.awt.X11.XToolkit"/>
    <property name="java.specification.version" value="11"/>
    <property name="sun.cpu.isalist" value=""/>
    <property name="sun.jnu.encoding" value="UTF-8"/>
    <property name="java.class.path" value="/home/anastasia/Anastasia_Marchuk/epam-course/Anastasia-Marchuk-HR/dao/target/test-classes:/home/anastasia/Anastasia_Marchuk/epam-course/Anastasia-Marchuk-HR/dao/target/classes:/home/anastasia/Anastasia_Marchuk/epam-course/Anastasia-Marchuk-HR/dao-api/target/dao-api-1.0-SNAPSHOT.jar:/home/anastasia/.m2/repository/com/epam/brest/test-db/1.0-SNAPSHOT/test-db-1.0-SNAPSHOT.jar:/home/anastasia/.m2/repository/org/apache/logging/log4j/log4j-api/2.20.0/log4j-api-2.20.0.jar:/home/anastasia/.m2/repository/org/apache/logging/log4j/log4j-core/2.20.0/log4j-core-2.20.0.jar:/home/anastasia/.m2/repository/org/junit/jupiter/junit-jupiter-api/5.4.0/junit-jupiter-api-5.4.0.jar:/home/anastasia/.m2/repository/org/apiguardian/apiguardian-api/1.0.0/apiguardian-api-1.0.0.jar:/home/anastasia/.m2/repository/org/opentest4j/opentest4j/1.1.1/opentest4j-1.1.1.jar:/home/anastasia/.m2/repository/org/junit/platform/junit-platform-commons/1.4.0/junit-platform-commons-1.4.0.jar:/home/anastasia/.m2/repository/org/springframework/spring-context/5.3.9/spring-context-5.3.9.jar:/home/anastasia/.m2/repository/org/springframework/spring-aop/5.3.9/spring-aop-5.3.9.jar:/home/anastasia/.m2/repository/org/springframework/spring-core/5.3.9/spring-core-5.3.9.jar:/home/anastasia/.m2/repository/org/springframework/spring-jcl/5.3.9/spring-jcl-5.3.9.jar:/home/anastasia/.m2/repository/org/springframework/spring-expression/5.3.9/spring-expression-5.3.9.jar:/home/anastasia/.m2/repository/org/springframework/spring-test/5.3.9/spring-test-5.3.9.jar:/home/anastasia/.m2/repository/org/springframework/boot/spring-boot-autoconfigure/2.5.3/spring-boot-autoconfigure-2.5.3.jar:/home/anastasia/.m2/repository/org/springframework/boot/spring-boot/2.5.3/spring-boot-2.5.3.jar:/home/anastasia/.m2/repository/org/springframework/spring-jdbc/5.3.9/spring-jdbc-5.3.9.jar:/home/anastasia/.m2/repository/org/springframework/spring-tx/5.3.9/spring-tx-5.3.9.jar:/home/anastasia/Anastasia_Marchuk/epam-course/Anastasia-Marchuk-HR/model/target/model-1.0-SNAPSHOT.jar:/home/anastasia/.m2/repository/org/springframework/spring-beans/5.3.9/spring-beans-5.3.9.jar:/home/anastasia/.m2/repository/org/springframework/spring-web/5.3.9/spring-web-5.3.9.jar:/home/anastasia/.m2/repository/org/springframework/spring-webmvc/5.3.9/spring-webmvc-5.3.9.jar:"/>
    <property name="java.vm.vendor" value="Amazon.com Inc."/>
    <property name="sun.arch.data.model" value="64"/>
    <property name="java.vendor.url" value="https://aws.amazon.com/corretto/"/>
    <property name="user.timezone" value="Europe/Budapest"/>
    <property name="java.vm.specification.version" value="11"/>
    <property name="os.name" value="Linux"/>
    <property name="sun.java.launcher" value="SUN_STANDARD"/>
    <property name="sun.boot.library.path" value="/usr/lib/jvm/amazon-corretto-11.0.16.8.1-linux-x64/lib"/>
    <property name="sun.java.command" value="/home/anastasia/Anastasia_Marchuk/epam-course/Anastasia-Marchuk-HR/dao/target/surefire/surefirebooter1677733175762847530.jar /home/anastasia/Anastasia_Marchuk/epam-course/Anastasia-Marchuk-HR/dao/target/surefire 2023-03-07T16-36-57_736-jvmRun1 surefire14837737741755936117tmp surefire_07079651450827426667tmp"/>
    <property name="jdk.debug" value="release"/>
    <property name="surefire.test.class.path" value="/home/anastasia/Anastasia_Marchuk/epam-course/Anastasia-Marchuk-HR/dao/target/test-classes:/home/anastasia/Anastasia_Marchuk/epam-course/Anastasia-Marchuk-HR/dao/target/classes:/home/anastasia/Anastasia_Marchuk/epam-course/Anastasia-Marchuk-HR/dao-api/target/dao-api-1.0-SNAPSHOT.jar:/home/anastasia/.m2/repository/com/epam/brest/test-db/1.0-SNAPSHOT/test-db-1.0-SNAPSHOT.jar:/home/anastasia/.m2/repository/org/apache/logging/log4j/log4j-api/2.20.0/log4j-api-2.20.0.jar:/home/anastasia/.m2/repository/org/apache/logging/log4j/log4j-core/2.20.0/log4j-core-2.20.0.jar:/home/anastasia/.m2/repository/org/junit/jupiter/junit-jupiter-api/5.4.0/junit-jupiter-api-5.4.0.jar:/home/anastasia/.m2/repository/org/apiguardian/apiguardian-api/1.0.0/apiguardian-api-1.0.0.jar:/home/anastasia/.m2/repository/org/opentest4j/opentest4j/1.1.1/opentest4j-1.1.1.jar:/home/anastasia/.m2/repository/org/junit/platform/junit-platform-commons/1.4.0/junit-platform-commons-1.4.0.jar:/home/anastasia/.m2/repository/org/springframework/spring-context/5.3.9/spring-context-5.3.9.jar:/home/anastasia/.m2/repository/org/springframework/spring-aop/5.3.9/spring-aop-5.3.9.jar:/home/anastasia/.m2/repository/org/springframework/spring-core/5.3.9/spring-core-5.3.9.jar:/home/anastasia/.m2/repository/org/springframework/spring-jcl/5.3.9/spring-jcl-5.3.9.jar:/home/anastasia/.m2/repository/org/springframework/spring-expression/5.3.9/spring-expression-5.3.9.jar:/home/anastasia/.m2/repository/org/springframework/spring-test/5.3.9/spring-test-5.3.9.jar:/home/anastasia/.m2/repository/org/springframework/boot/spring-boot-autoconfigure/2.5.3/spring-boot-autoconfigure-2.5.3.jar:/home/anastasia/.m2/repository/org/springframework/boot/spring-boot/2.5.3/spring-boot-2.5.3.jar:/home/anastasia/.m2/repository/org/springframework/spring-jdbc/5.3.9/spring-jdbc-5.3.9.jar:/home/anastasia/.m2/repository/org/springframework/spring-tx/5.3.9/spring-tx-5.3.9.jar:/home/anastasia/Anastasia_Marchuk/epam-course/Anastasia-Marchuk-HR/model/target/model-1.0-SNAPSHOT.jar:/home/anastasia/.m2/repository/org/springframework/spring-beans/5.3.9/spring-beans-5.3.9.jar:/home/anastasia/.m2/repository/org/springframework/spring-web/5.3.9/spring-web-5.3.9.jar:/home/anastasia/.m2/repository/org/springframework/spring-webmvc/5.3.9/spring-webmvc-5.3.9.jar:"/>
    <property name="sun.cpu.endian" value="little"/>
    <property name="user.home" value="/home/anastasia"/>
    <property name="user.language" value="en"/>
    <property name="java.specification.vendor" value="Oracle Corporation"/>
    <property name="java.version.date" value="2022-07-19"/>
    <property name="java.home" value="/usr/lib/jvm/amazon-corretto-11.0.16.8.1-linux-x64"/>
    <property name="file.separator" value="/"/>
    <property name="basedir" value="/home/anastasia/Anastasia_Marchuk/epam-course/Anastasia-Marchuk-HR/dao"/>
    <property name="java.vm.compressedOopsMode" value="Zero based"/>
    <property name="line.separator" value="&#10;"/>
    <property name="java.specification.name" value="Java Platform API Specification"/>
    <property name="java.vm.specification.vendor" value="Oracle Corporation"/>
    <property name="java.awt.graphicsenv" value="sun.awt.X11GraphicsEnvironment"/>
    <property name="surefire.real.class.path" value="/home/anastasia/Anastasia_Marchuk/epam-course/Anastasia-Marchuk-HR/dao/target/surefire/surefirebooter1677733175762847530.jar"/>
    <property name="sun.management.compiler" value="HotSpot 64-Bit Tiered Compilers"/>
    <property name="java.runtime.version" value="11.0.16+8-LTS"/>
    <property name="user.name" value="anastasia"/>
    <property name="path.separator" value=":"/>
    <property name="os.version" value="5.10.102.1-microsoft-standard-WSL2"/>
    <property name="java.runtime.name" value="OpenJDK Runtime Environment"/>
    <property name="file.encoding" value="UTF-8"/>
    <property name="java.vm.name" value="OpenJDK 64-Bit Server VM"/>
    <property name="java.vendor.version" value="Corretto-11.0.16.8.1"/>
    <property name="localRepository" value="/home/anastasia/.m2/repository"/>
    <property name="java.vendor.url.bug" value="https://github.com/corretto/corretto-11/issues/"/>
    <property name="java.io.tmpdir" value="/tmp"/>
    <property name="java.version" value="11.0.16"/>
    <property name="user.dir" value="/home/anastasia/Anastasia_Marchuk/epam-course/Anastasia-Marchuk-HR/dao"/>
    <property name="os.arch" value="amd64"/>
    <property name="java.vm.specification.name" value="Java Virtual Machine Specification"/>
    <property name="java.awt.printerjob" value="sun.print.PSPrinterJob"/>
    <property name="sun.os.patch.level" value="unknown"/>
    <property name="java.library.path" value="/usr/java/packages/lib:/usr/lib64:/lib64:/lib:/usr/lib"/>
    <property name="java.vm.info" value="mixed mode"/>
    <property name="java.vendor" value="Amazon.com Inc."/>
    <property name="java.vm.version" value="11.0.16+8-LTS"/>
    <property name="sun.io.unicode.encoding" value="UnicodeLittle"/>
    <property name="java.class.version" value="55.0"/>
  </properties>
  <testcase name="create" classname="com.epam.brest.dao.DepartmentDaoJDBCImplTest" time="0.007">
    <error type="org.junit.jupiter.api.extension.ParameterResolutionException"><![CDATA[org.junit.jupiter.api.extension.ParameterResolutionException: Failed to resolve parameter [com.epam.brest.dao.DepartmentDao arg0] in constructor [public com.epam.brest.dao.DepartmentDaoJDBCImplTest(com.epam.brest.dao.DepartmentDao)]: Failed to load ApplicationContext
Caused by: java.lang.IllegalStateException: Failed to load ApplicationContext
Caused by: org.springframework.beans.factory.xml.XmlBeanDefinitionStoreException: Line 15 in XML document from URL [jar:file:/home/anastasia/.m2/repository/com/epam/brest/test-db/1.0-SNAPSHOT/test-db-1.0-SNAPSHOT.jar!/test-db.xml] is invalid; nested exception is org.xml.sax.SAXParseException; lineNumber: 15; columnNumber: 56; The prefix "jdbc" for element "jdbc:initialize-database" is not bound.
Caused by: org.xml.sax.SAXParseException: The prefix "jdbc" for element "jdbc:initialize-database" is not bound.
]]></error>
  </testcase>
  <testcase name="findAll" classname="com.epam.brest.dao.DepartmentDaoJDBCImplTest" time="0">
    <error type="org.junit.jupiter.api.extension.ParameterResolutionException"><![CDATA[org.junit.jupiter.api.extension.ParameterResolutionException: Failed to resolve parameter [com.epam.brest.dao.DepartmentDao arg0] in constructor [public com.epam.brest.dao.DepartmentDaoJDBCImplTest(com.epam.brest.dao.DepartmentDao)]: Failed to load ApplicationContext
Caused by: java.lang.IllegalStateException: Failed to load ApplicationContext
Caused by: org.springframework.beans.factory.xml.XmlBeanDefinitionStoreException: Line 15 in XML document from URL [jar:file:/home/anastasia/.m2/repository/com/epam/brest/test-db/1.0-SNAPSHOT/test-db-1.0-SNAPSHOT.jar!/test-db.xml] is invalid; nested exception is org.xml.sax.SAXParseException; lineNumber: 15; columnNumber: 56; The prefix "jdbc" for element "jdbc:initialize-database" is not bound.
Caused by: org.xml.sax.SAXParseException: The prefix "jdbc" for element "jdbc:initialize-database" is not bound.
]]></error>
  </testcase>
</testsuite>