<?xml version="1.0" encoding="UTF-8"?>
<beans xmlns="http://www.springframework.org/schema/beans"
       xmlns:xsi="http://www.w3.org/2001/XMLSchema-instance"
       xsi:schemaLocation="http://www.springframework.org/schema/beans
       http://www.springframework.org/schema/beans/spring-beans-4.1.xsd" >


    <bean id = "transactionManager"
          class = "org.springframework.jdbc.datasource.DataSourceTransactionManager">
        <property name ="dataSource" ref="dataSource"/>
    </bean>

<bean id = "dataSource"
      class = "org.springframework.jdbc.datasource.DriverManagerDataSource">
    <property name = "driverClassName" value = "org.h2.Driver"/>
    <property name = "url" value = "jdbc:h2:mem:test-db;MODE=MySQL, DB_CLOSE_DELAY=-1"/>
    <property name = "username" value = "sa"/>
    <property name = "password" value = ""/>
</bean>

    <jdbc:initialize-database data-source="dataSource">
        <jdbc:script location="create-db.sql"/>
        <jdbc:script location="init-db.sql"/>
    </jdbc:initialize-database>

</beans>