<?xml version="1.0" encoding="UTF-8"?>
<testsuite xmlns:xsi="http://www.w3.org/2001/XMLSchema-instance" xsi:noNamespaceSchemaLocation="https://maven.apache.org/surefire/maven-surefire-plugin/xsd/surefire-test-report-3.0.xsd" version="3.0" name="com.epam.brest.calc.CalcImplTest" time="0.038" tests="2" errors="0" skipped="0" failures="0">
  <properties>
    <property name="awt.toolkit" value="sun.awt.X11.XToolkit"/>
    <property name="file.encoding.pkg" value="sun.io"/>
    <property name="java.specification.version" value="1.8"/>
    <property name="sun.cpu.isalist" value=""/>
    <property name="sun.jnu.encoding" value="UTF-8"/>
    <property name="java.class.path" value="/home/anastasia/epam-java-web-course/target/test-classes:/home/anastasia/epam-java-web-course/target/classes:/home/anastasia/.m2/repository/org/junit/jupiter/junit-jupiter-api/5.3.2/junit-jupiter-api-5.3.2.jar:/home/anastasia/.m2/repository/org/apiguardian/apiguardian-api/1.0.0/apiguardian-api-1.0.0.jar:/home/anastasia/.m2/repository/org/opentest4j/opentest4j/1.1.1/opentest4j-1.1.1.jar:/home/anastasia/.m2/repository/org/junit/platform/junit-platform-commons/1.3.2/junit-platform-commons-1.3.2.jar:"/>
    <property name="java.vm.vendor" value="Amazon.com Inc."/>
    <property name="sun.arch.data.model" value="64"/>
    <property name="java.vendor.url" value="https://aws.amazon.com/corretto/"/>
    <property name="user.timezone" value=""/>
    <property name="java.vm.specification.version" value="1.8"/>
    <property name="os.name" value="Linux"/>
    <property name="sun.java.launcher" value="SUN_STANDARD"/>
    <property name="sun.boot.library.path" value="/r01/java/amazon-corretto-8.242.08.1-linux-x64/jre/lib/amd64"/>
    <property name="sun.java.command" value="/home/anastasia/epam-java-web-course/target/surefire/surefirebooter2208879811556543224.jar /home/anastasia/epam-java-web-course/target/surefire 2022-05-27T16-19-13_666-jvmRun1 surefire3159568895514178818tmp surefire_07601895111737355046tmp"/>
    <property name="surefire.test.class.path" value="/home/anastasia/epam-java-web-course/target/test-classes:/home/anastasia/epam-java-web-course/target/classes:/home/anastasia/.m2/repository/org/junit/jupiter/junit-jupiter-api/5.3.2/junit-jupiter-api-5.3.2.jar:/home/anastasia/.m2/repository/org/apiguardian/apiguardian-api/1.0.0/apiguardian-api-1.0.0.jar:/home/anastasia/.m2/repository/org/opentest4j/opentest4j/1.1.1/opentest4j-1.1.1.jar:/home/anastasia/.m2/repository/org/junit/platform/junit-platform-commons/1.3.2/junit-platform-commons-1.3.2.jar:"/>
    <property name="sun.cpu.endian" value="little"/>
    <property name="user.home" value="/home/anastasia"/>
    <property name="user.language" value="en"/>
    <property name="java.specification.vendor" value="Oracle Corporation"/>
    <property name="java.home" value="/r01/java/amazon-corretto-8.242.08.1-linux-x64/jre"/>
    <property name="basedir" value="/home/anastasia/epam-java-web-course"/>
    <property name="file.separator" value="/"/>
    <property name="line.separator" value="&#10;"/>
    <property name="java.vm.specification.vendor" value="Oracle Corporation"/>
    <property name="java.specification.name" value="Java Platform API Specification"/>
    <property name="java.awt.graphicsenv" value="sun.awt.X11GraphicsEnvironment"/>
    <property name="surefire.real.class.path" value="/home/anastasia/epam-java-web-course/target/surefire/surefirebooter2208879811556543224.jar"/>
    <property name="sun.boot.class.path" value="/r01/java/amazon-corretto-8.242.08.1-linux-x64/jre/lib/resources.jar:/r01/java/amazon-corretto-8.242.08.1-linux-x64/jre/lib/rt.jar:/r01/java/amazon-corretto-8.242.08.1-linux-x64/jre/lib/sunrsasign.jar:/r01/java/amazon-corretto-8.242.08.1-linux-x64/jre/lib/jsse.jar:/r01/java/amazon-corretto-8.242.08.1-linux-x64/jre/lib/jce.jar:/r01/java/amazon-corretto-8.242.08.1-linux-x64/jre/lib/charsets.jar:/r01/java/amazon-corretto-8.242.08.1-linux-x64/jre/lib/jfr.jar:/r01/java/amazon-corretto-8.242.08.1-linux-x64/jre/classes"/>
    <property name="sun.management.compiler" value="HotSpot 64-Bit Tiered Compilers"/>
    <property name="java.runtime.version" value="1.8.0_242-b08"/>
    <property name="user.name" value="anastasia"/>
    <property name="path.separator" value=":"/>
    <property name="os.version" value="5.10.102.1-microsoft-standard-WSL2"/>
    <property name="java.endorsed.dirs" value="/r01/java/amazon-corretto-8.242.08.1-linux-x64/jre/lib/endorsed"/>
    <property name="java.runtime.name" value="OpenJDK Runtime Environment"/>
    <property name="file.encoding" value="UTF-8"/>
    <property name="java.vm.name" value="OpenJDK 64-Bit Server VM"/>
    <property name="localRepository" value="/home/anastasia/.m2/repository"/>
    <property name="java.vendor.url.bug" value="https://github.com/corretto/corretto-8/issues/"/>
    <property name="java.io.tmpdir" value="/tmp"/>
    <property name="java.version" value="1.8.0_242"/>
    <property name="user.dir" value="/home/anastasia/epam-java-web-course"/>
    <property name="os.arch" value="amd64"/>
    <property name="java.vm.specification.name" value="Java Virtual Machine Specification"/>
    <property name="java.awt.printerjob" value="sun.print.PSPrinterJob"/>
    <property name="sun.os.patch.level" value="unknown"/>
    <property name="java.library.path" value="/usr/java/packages/lib/amd64:/usr/lib64:/lib64:/lib:/usr/lib"/>
    <property name="idea.version2019.1.4" value="true"/>
    <property name="java.vm.info" value="mixed mode"/>
    <property name="java.vendor" value="Amazon.com Inc."/>
    <property name="java.vm.version" value="25.242-b08"/>
    <property name="java.ext.dirs" value="/r01/java/amazon-corretto-8.242.08.1-linux-x64/jre/lib/ext:/usr/java/packages/lib/ext"/>
    <property name="sun.io.unicode.encoding" value="UnicodeLittle"/>
    <property name="java.class.version" value="52.0"/>
  </properties>
  <testcase name="testHandlewithNull" classname="com.epam.brest.calc.CalcImplTest" time="0.022"/>
  <testcase name="testHandle" classname="com.epam.brest.calc.CalcImplTest" time="0.004"/>
</testsuite>